<?xml version="1.0" encoding="UTF-8"?>
<testng-results ignored="0" total="2" passed="2" failed="0" skipped="0">
  <reporter-output>
  </reporter-output>
  <suite started-at="2022-11-18T17:41:47 IST" name="Suite" finished-at="2022-11-18T17:43:54 IST" duration-ms="127034">
    <groups>
    </groups>
    <test started-at="2022-11-18T17:41:47 IST" name="Test" finished-at="2022-11-18T17:43:54 IST" duration-ms="127034">
      <class name="testScripts.CreateNewAccount">
        <test-method is-config="true" signature="baseTest()[pri:0, instance:testScripts.CreateNewAccount@4dd6fd0a]" started-at="2022-11-18T17:43:17 IST" name="baseTest" finished-at="2022-11-18T17:43:30 IST" duration-ms="13111" status="PASS">
          <reporter-output>
          </reporter-output>
        </test-method> <!-- baseTest -->
        <test-method signature="createAccount(java.util.HashMap)[pri:0, instance:testScripts.CreateNewAccount@4dd6fd0a]" started-at="2022-11-18T17:43:30 IST" name="createAccount" data-provider="getData" finished-at="2022-11-18T17:43:53 IST" duration-ms="23036" status="PASS">
          <params>
            <param index="0">
              <value>
                <![CDATA[{Firstname=Harry, Lastname=Potter, Email=automationtest007@bn.org, Password=Test@123, ConfirmPassword=Test@123}]]>
              </value>
            </param>
          </params>
          <reporter-output>
          </reporter-output>
        </test-method> <!-- createAccount -->
        <test-method is-config="true" signature="tearDown()[pri:0, instance:testScripts.CreateNewAccount@4dd6fd0a]" started-at="2022-11-18T17:43:53 IST" name="tearDown" finished-at="2022-11-18T17:43:54 IST" duration-ms="857" status="PASS">
          <reporter-output>
          </reporter-output>
        </test-method> <!-- tearDown -->
      </class> <!-- testScripts.CreateNewAccount -->
      <class name="testScripts.LoginWithSavedAddressAndPayment">
        <test-method is-config="true" signature="baseTest()[pri:0, instance:testScripts.LoginWithSavedAddressAndPayment@295cf707]" started-at="2022-11-18T17:41:47 IST" name="baseTest" finished-at="2022-11-18T17:42:01 IST" duration-ms="13671" status="PASS">
          <reporter-output>
          </reporter-output>
        </test-method> <!-- baseTest -->
        <test-method signature="createAccount(java.util.HashMap)[pri:0, instance:testScripts.LoginWithSavedAddressAndPayment@295cf707]" started-at="2022-11-18T17:42:01 IST" name="createAccount" data-provider="getData" finished-at="2022-11-18T17:43:16 IST" duration-ms="75159" status="PASS">
          <params>
            <param index="0">
              <value>
                <![CDATA[{Email=automationtest01@bn.org, Password=Test@123}]]>
              </value>
            </param>
          </params>
          <reporter-output>
          </reporter-output>
        </test-method> <!-- createAccount -->
        <test-method is-config="true" signature="tearDown()[pri:0, instance:testScripts.LoginWithSavedAddressAndPayment@295cf707]" started-at="2022-11-18T17:43:16 IST" name="tearDown" finished-at="2022-11-18T17:43:17 IST" duration-ms="748" status="PASS">
          <reporter-output>
          </reporter-output>
        </test-method> <!-- tearDown -->
      </class> <!-- testScripts.LoginWithSavedAddressAndPayment -->
    </test> <!-- Test -->
  </suite> <!-- Suite -->
</testng-results>
