<?xml version="1.0" encoding="UTF-8"?>
<!-- Generated by org.testng.reporters.JUnitXMLReporter -->
<testsuite ignored="0" hostname="DESKTOP-A7A4IVS" failures="2" tests="2" name="Create Account Framework Test" time="64.296" errors="0" timestamp="2022-10-12T18:12:38 IST">
  <testcase classname="FrameworkDesign.BarnesAndNoble.Sanity1" name="createAccount" time="0.007">
    <failure type="java.lang.NullPointerException" message="Cannot invoke &amp;quot;com.aventstack.extentreports.ExtentReports.createTest(String)&amp;quot; because &amp;quot;this.extent&amp;quot; is null">
      <![CDATA[java.lang.NullPointerException: Cannot invoke "com.aventstack.extentreports.ExtentReports.createTest(String)" because "this.extent" is null
at FrameworkDesign.utils.Listeners.onTestStart(Listeners.java:20)
at java.base/java.util.ArrayList.forEach(ArrayList.java:1511)
... Removed 24 stack frames]]>
    </failure>
  </testcase> <!-- createAccount -->
  <testcase classname="FrameworkDesign.BarnesAndNoble.Sanity1" name="createAccount" time="0.36">
    <failure type="java.lang.NullPointerException" message="Cannot invoke &amp;quot;com.aventstack.extentreports.ExtentTest.fail(java.lang.Throwable)&amp;quot; because &amp;quot;this.test&amp;quot; is null">
      <![CDATA[java.lang.NullPointerException: Cannot invoke "com.aventstack.extentreports.ExtentTest.fail(java.lang.Throwable)" because "this.test" is null
at FrameworkDesign.utils.Listeners.onTestFailure(Listeners.java:32)
at java.base/java.util.ArrayList.forEach(ArrayList.java:1511)
... Removed 24 stack frames]]>
    </failure>
  </testcase> <!-- createAccount -->
</testsuite> <!-- Create Account Framework Test -->
